[2017-07-03 02:09:28,696] INFO [Group Metadata Manager on Broker 0]: Removed 0 expired offsets in 0 milliseconds. (kafka.coordinator.GroupMetadataManager)
[2017-07-03 02:19:28,676] INFO [Group Metadata Manager on Broker 0]: Removed 0 expired offsets in 0 milliseconds. (kafka.coordinator.GroupMetadataManager)
[2017-07-03 02:29:28,655] INFO [Group Metadata Manager on Broker 0]: Removed 0 expired offsets in 0 milliseconds. (kafka.coordinator.GroupMetadataManager)
[2017-07-03 02:39:28,634] INFO [Group Metadata Manager on Broker 0]: Removed 0 expired offsets in 1 milliseconds. (kafka.coordinator.GroupMetadataManager)
[2017-07-03 02:49:28,612] INFO [Group Metadata Manager on Broker 0]: Removed 0 expired offsets in 1 milliseconds. (kafka.coordinator.GroupMetadataManager)
[2017-07-03 02:52:40,994] INFO [Kafka Server 0], shutting down (kafka.server.KafkaServer)
[2017-07-03 02:52:40,995] INFO [Kafka Server 0], Starting controlled shutdown (kafka.server.KafkaServer)
[2017-07-03 02:52:41,091] INFO [Kafka Server 0], Remaining partitions to move: __consumer_offsets-13,__consumer_offsets-46,__consumer_offsets-9,__consumer_offsets-42,__consumer_offsets-21,__consumer_offsets-17,__consumer_offsets-30,__consumer_offsets-26,__consumer_offsets-5,__consumer_offsets-38,__consumer_offsets-1,__consumer_offsets-34,__consumer_offsets-16,__consumer_offsets-45,__consumer_offsets-12,__consumer_offsets-41,__consumer_offsets-24,__consumer_offsets-20,__consumer_offsets-49,__consumer_offsets-0,__consumer_offsets-29,__consumer_offsets-25,__consumer_offsets-8,__consumer_offsets-37,__consumer_offsets-4,__consumer_offsets-33,__consumer_offsets-15,__consumer_offsets-48,__consumer_offsets-11,__consumer_offsets-44,__consumer_offsets-23,__consumer_offsets-19,__consumer_offsets-32,__consumer_offsets-28,__consumer_offsets-7,__consumer_offsets-40,__consumer_offsets-3,__consumer_offsets-36,__consumer_offsets-47,__consumer_offsets-14,__consumer_offsets-43,__consumer_offsets-10,__consumer_offsets-22,__consumer_offsets-18,__consumer_offsets-31,__consumer_offsets-27,__consumer_offsets-39,__consumer_offsets-6,__consumer_offsets-35,__consumer_offsets-2 (kafka.server.KafkaServer)
[2017-07-03 02:52:41,091] INFO [Kafka Server 0], Error code from controller: 0 (kafka.server.KafkaServer)
[2017-07-03 02:52:46,096] WARN [Kafka Server 0], Retrying controlled shutdown after the previous attempt failed... (kafka.server.KafkaServer)
[2017-07-03 02:52:46,171] INFO [Kafka Server 0], Remaining partitions to move: __consumer_offsets-13,__consumer_offsets-46,__consumer_offsets-9,__consumer_offsets-42,__consumer_offsets-21,__consumer_offsets-17,__consumer_offsets-30,__consumer_offsets-26,__consumer_offsets-5,__consumer_offsets-38,__consumer_offsets-1,__consumer_offsets-34,__consumer_offsets-16,__consumer_offsets-45,__consumer_offsets-12,__consumer_offsets-41,__consumer_offsets-24,__consumer_offsets-20,__consumer_offsets-49,__consumer_offsets-0,__consumer_offsets-29,__consumer_offsets-25,__consumer_offsets-8,__consumer_offsets-37,__consumer_offsets-4,__consumer_offsets-33,__consumer_offsets-15,__consumer_offsets-48,__consumer_offsets-11,__consumer_offsets-44,__consumer_offsets-23,__consumer_offsets-19,__consumer_offsets-32,__consumer_offsets-28,__consumer_offsets-7,__consumer_offsets-40,__consumer_offsets-3,__consumer_offsets-36,__consumer_offsets-47,__consumer_offsets-14,__consumer_offsets-43,__consumer_offsets-10,__consumer_offsets-22,__consumer_offsets-18,__consumer_offsets-31,__consumer_offsets-27,__consumer_offsets-39,__consumer_offsets-6,__consumer_offsets-35,__consumer_offsets-2 (kafka.server.KafkaServer)
[2017-07-03 02:52:46,171] INFO [Kafka Server 0], Error code from controller: 0 (kafka.server.KafkaServer)
[2017-07-03 02:52:51,174] WARN [Kafka Server 0], Retrying controlled shutdown after the previous attempt failed... (kafka.server.KafkaServer)
[2017-07-03 02:52:51,244] INFO [Kafka Server 0], Remaining partitions to move: __consumer_offsets-13,__consumer_offsets-46,__consumer_offsets-9,__consumer_offsets-42,__consumer_offsets-21,__consumer_offsets-17,__consumer_offsets-30,__consumer_offsets-26,__consumer_offsets-5,__consumer_offsets-38,__consumer_offsets-1,__consumer_offsets-34,__consumer_offsets-16,__consumer_offsets-45,__consumer_offsets-12,__consumer_offsets-41,__consumer_offsets-24,__consumer_offsets-20,__consumer_offsets-49,__consumer_offsets-0,__consumer_offsets-29,__consumer_offsets-25,__consumer_offsets-8,__consumer_offsets-37,__consumer_offsets-4,__consumer_offsets-33,__consumer_offsets-15,__consumer_offsets-48,__consumer_offsets-11,__consumer_offsets-44,__consumer_offsets-23,__consumer_offsets-19,__consumer_offsets-32,__consumer_offsets-28,__consumer_offsets-7,__consumer_offsets-40,__consumer_offsets-3,__consumer_offsets-36,__consumer_offsets-47,__consumer_offsets-14,__consumer_offsets-43,__consumer_offsets-10,__consumer_offsets-22,__consumer_offsets-18,__consumer_offsets-31,__consumer_offsets-27,__consumer_offsets-39,__consumer_offsets-6,__consumer_offsets-35,__consumer_offsets-2 (kafka.server.KafkaServer)
[2017-07-03 02:52:51,244] INFO [Kafka Server 0], Error code from controller: 0 (kafka.server.KafkaServer)
[2017-07-03 02:52:56,249] WARN [Kafka Server 0], Retrying controlled shutdown after the previous attempt failed... (kafka.server.KafkaServer)
[2017-07-03 02:52:56,252] WARN [Kafka Server 0], Proceeding to do an unclean shutdown as all the controlled shutdown attempts failed (kafka.server.KafkaServer)
[2017-07-03 02:52:56,252] INFO [Socket Server on Broker 0], Shutting down (kafka.network.SocketServer)
[2017-07-03 02:52:56,258] INFO [Socket Server on Broker 0], Shutdown completed (kafka.network.SocketServer)
[2017-07-03 02:52:56,258] INFO [Kafka Request Handler on Broker 0], shutting down (kafka.server.KafkaRequestHandlerPool)
[2017-07-03 02:52:56,259] INFO [Kafka Request Handler on Broker 0], shut down completely (kafka.server.KafkaRequestHandlerPool)
[2017-07-03 02:52:56,261] INFO [ThrottledRequestReaper-Fetch], Shutting down (kafka.server.ClientQuotaManager$ThrottledRequestReaper)
[2017-07-03 02:52:56,842] INFO [ThrottledRequestReaper-Fetch], Shutdown completed (kafka.server.ClientQuotaManager$ThrottledRequestReaper)
[2017-07-03 02:52:56,842] INFO [ThrottledRequestReaper-Fetch], Stopped  (kafka.server.ClientQuotaManager$ThrottledRequestReaper)
[2017-07-03 02:52:56,842] INFO [ThrottledRequestReaper-Produce], Shutting down (kafka.server.ClientQuotaManager$ThrottledRequestReaper)
[2017-07-03 02:52:57,749] INFO [ThrottledRequestReaper-Produce], Stopped  (kafka.server.ClientQuotaManager$ThrottledRequestReaper)
[2017-07-03 02:52:57,749] INFO [ThrottledRequestReaper-Produce], Shutdown completed (kafka.server.ClientQuotaManager$ThrottledRequestReaper)
[2017-07-03 02:52:57,750] INFO [KafkaApi-0] Shutdown complete. (kafka.server.KafkaApis)
[2017-07-03 02:52:57,751] INFO [Replica Manager on Broker 0]: Shutting down (kafka.server.ReplicaManager)
[2017-07-03 02:52:57,760] INFO [ReplicaFetcherManager on broker 0] shutting down (kafka.server.ReplicaFetcherManager)
[2017-07-03 02:52:57,761] INFO [ReplicaFetcherManager on broker 0] shutdown completed (kafka.server.ReplicaFetcherManager)
[2017-07-03 02:52:57,761] INFO [ExpirationReaper-0], Shutting down (kafka.server.DelayedOperationPurgatory$ExpiredOperationReaper)
[2017-07-03 02:52:57,842] INFO [ExpirationReaper-0], Stopped  (kafka.server.DelayedOperationPurgatory$ExpiredOperationReaper)
[2017-07-03 02:52:57,842] INFO [ExpirationReaper-0], Shutdown completed (kafka.server.DelayedOperationPurgatory$ExpiredOperationReaper)
[2017-07-03 02:52:57,842] INFO [ExpirationReaper-0], Shutting down (kafka.server.DelayedOperationPurgatory$ExpiredOperationReaper)
[2017-07-03 02:52:57,892] INFO [ExpirationReaper-0], Stopped  (kafka.server.DelayedOperationPurgatory$ExpiredOperationReaper)
[2017-07-03 02:52:57,892] INFO [ExpirationReaper-0], Shutdown completed (kafka.server.DelayedOperationPurgatory$ExpiredOperationReaper)
[2017-07-03 02:52:57,895] INFO [Replica Manager on Broker 0]: Shut down completely (kafka.server.ReplicaManager)
[2017-07-03 02:52:57,895] INFO [ExpirationReaper-0], Shutting down (kafka.server.DelayedOperationPurgatory$ExpiredOperationReaper)
[2017-07-03 02:52:58,096] INFO [ExpirationReaper-0], Stopped  (kafka.server.DelayedOperationPurgatory$ExpiredOperationReaper)
[2017-07-03 02:52:58,096] INFO [ExpirationReaper-0], Shutdown completed (kafka.server.DelayedOperationPurgatory$ExpiredOperationReaper)
[2017-07-03 02:52:58,097] INFO [GroupCoordinator 0]: Shutting down. (kafka.coordinator.GroupCoordinator)
[2017-07-03 02:52:58,098] INFO [ExpirationReaper-0], Shutting down (kafka.server.DelayedOperationPurgatory$ExpiredOperationReaper)
[2017-07-03 02:52:58,275] INFO [ExpirationReaper-0], Stopped  (kafka.server.DelayedOperationPurgatory$ExpiredOperationReaper)
[2017-07-03 02:52:58,275] INFO [ExpirationReaper-0], Shutdown completed (kafka.server.DelayedOperationPurgatory$ExpiredOperationReaper)
[2017-07-03 02:52:58,275] INFO [ExpirationReaper-0], Shutting down (kafka.server.DelayedOperationPurgatory$ExpiredOperationReaper)
[2017-07-03 02:52:58,360] INFO [ExpirationReaper-0], Stopped  (kafka.server.DelayedOperationPurgatory$ExpiredOperationReaper)
[2017-07-03 02:52:58,360] INFO [ExpirationReaper-0], Shutdown completed (kafka.server.DelayedOperationPurgatory$ExpiredOperationReaper)
[2017-07-03 02:52:58,360] INFO [GroupCoordinator 0]: Shutdown complete. (kafka.coordinator.GroupCoordinator)
[2017-07-03 02:52:58,361] INFO Shutting down. (kafka.log.LogManager)
[2017-07-03 02:52:59,123] INFO Shutdown complete. (kafka.log.LogManager)
[2017-07-03 02:52:59,129] INFO [Kafka Server 0], shut down completed (kafka.server.KafkaServer)
